Copyright 1986-2018 Xilinx, Inc. All Rights Reserved.
--------------------------------------------------------------------------------------------------------------------------------------------------------------------------------------
| Tool Version : Vivado v.2018.3 (win64) Build 2405991 Thu Dec  6 23:38:27 MST 2018
| Date         : Wed Oct  9 21:40:35 2019
| Host         : banana running 64-bit major release  (build 9200)
| Command      : report_methodology -file design_1_wrapper_methodology_drc_routed.rpt -pb design_1_wrapper_methodology_drc_routed.pb -rpx design_1_wrapper_methodology_drc_routed.rpx
| Design       : design_1_wrapper
| Device       : xc7z020clg400-1
| Speed File   : -1
| Design State : Fully Routed
--------------------------------------------------------------------------------------------------------------------------------------------------------------------------------------

Report Methodology

Table of Contents
-----------------
1. REPORT SUMMARY
2. REPORT DETAILS

1. REPORT SUMMARY
-----------------
            Netlist: netlist
          Floorplan: design_1
      Design limits: <entire design considered>
             Max violations: <unlimited>
             Violations found: 20
+-----------+----------+-------------------------------+------------+
| Rule      | Severity | Description                   | Violations |
+-----------+----------+-------------------------------+------------+
| TIMING-17 | Warning  | Non-clocked sequential cell   | 16         |
| TIMING-18 | Warning  | Missing input or output delay | 4          |
+-----------+----------+-------------------------------+------------+

2. REPORT DETAILS
-----------------
TIMING-17#1 Warning
Non-clocked sequential cell  
The clock pin design_1_i/PWM_Decoder_0/inst/B_time_out_reg[6]/C is not reached by a timing clock
Related violations: <none>

TIMING-17#2 Warning
Non-clocked sequential cell  
The clock pin design_1_i/PWM_Decoder_0/inst/B_time_out_reg[7]/C is not reached by a timing clock
Related violations: <none>

TIMING-17#3 Warning
Non-clocked sequential cell  
The clock pin design_1_i/PWM_Decoder_0/inst/FSM_onehot_cstate_reg[0]/C is not reached by a timing clock
Related violations: <none>

TIMING-17#4 Warning
Non-clocked sequential cell  
The clock pin design_1_i/PWM_Decoder_0/inst/FSM_onehot_cstate_reg[1]/C is not reached by a timing clock
Related violations: <none>

TIMING-17#5 Warning
Non-clocked sequential cell  
The clock pin design_1_i/PWM_Decoder_0/inst/FSM_onehot_cstate_reg[2]/C is not reached by a timing clock
Related violations: <none>

TIMING-17#6 Warning
Non-clocked sequential cell  
The clock pin design_1_i/PWM_Decoder_0/inst/FSM_onehot_cstate_reg[3]/C is not reached by a timing clock
Related violations: <none>

TIMING-17#7 Warning
Non-clocked sequential cell  
The clock pin design_1_i/PWM_Decoder_0/inst/FSM_onehot_cstate_reg[4]/C is not reached by a timing clock
Related violations: <none>

TIMING-17#8 Warning
Non-clocked sequential cell  
The clock pin design_1_i/PWM_Decoder_0/inst/FSM_onehot_cstate_reg[5]/C is not reached by a timing clock
Related violations: <none>

TIMING-17#9 Warning
Non-clocked sequential cell  
The clock pin design_1_i/PWM_Decoder_0/inst/FSM_onehot_cstate_reg[6]/C is not reached by a timing clock
Related violations: <none>

TIMING-17#10 Warning
Non-clocked sequential cell  
The clock pin design_1_i/PWM_Decoder_0/inst/FSM_onehot_cstate_reg[7]/C is not reached by a timing clock
Related violations: <none>

TIMING-17#11 Warning
Non-clocked sequential cell  
The clock pin design_1_i/PWM_Decoder_0/inst/G_time_out_reg[2]/C is not reached by a timing clock
Related violations: <none>

TIMING-17#12 Warning
Non-clocked sequential cell  
The clock pin design_1_i/PWM_Decoder_0/inst/G_time_out_reg[4]/C is not reached by a timing clock
Related violations: <none>

TIMING-17#13 Warning
Non-clocked sequential cell  
The clock pin design_1_i/PWM_Decoder_0/inst/G_time_out_reg[6]/C is not reached by a timing clock
Related violations: <none>

TIMING-17#14 Warning
Non-clocked sequential cell  
The clock pin design_1_i/PWM_Decoder_0/inst/G_time_out_reg[7]/C is not reached by a timing clock
Related violations: <none>

TIMING-17#15 Warning
Non-clocked sequential cell  
The clock pin design_1_i/PWM_Decoder_0/inst/R_time_out_reg[6]/C is not reached by a timing clock
Related violations: <none>

TIMING-17#16 Warning
Non-clocked sequential cell  
The clock pin design_1_i/PWM_Decoder_0/inst/R_time_out_reg[7]/C is not reached by a timing clock
Related violations: <none>

TIMING-18#1 Warning
Missing input or output delay  
An input delay is missing on rst relative to clock(s) sys_clk_pin
Related violations: <none>

TIMING-18#2 Warning
Missing input or output delay  
An output delay is missing on B_out relative to clock(s) sys_clk_pin
Related violations: <none>

TIMING-18#3 Warning
Missing input or output delay  
An output delay is missing on G_out relative to clock(s) sys_clk_pin
Related violations: <none>

TIMING-18#4 Warning
Missing input or output delay  
An output delay is missing on R_out relative to clock(s) sys_clk_pin
Related violations: <none>


