
*** Running vivado
    with args -log design_1_memory_ctrl_0_0.vds -m64 -product Vivado -mode batch -messageDb vivado.pb -notrace -source design_1_memory_ctrl_0_0.tcl


****** Vivado v2018.3 (64-bit)
  **** SW Build 2405991 on Thu Dec  6 23:38:27 MST 2018
  **** IP Build 2404404 on Fri Dec  7 01:43:56 MST 2018
    ** Copyright 1986-2018 Xilinx, Inc. All Rights Reserved.

source design_1_memory_ctrl_0_0.tcl -notrace
INFO: [IP_Flow 19-234] Refreshing IP repositories
INFO: [IP_Flow 19-1700] Loaded user IP repository 'c:/vivado_project/ip_repo/memory_ctrl_1.0'.
INFO: [IP_Flow 19-1700] Loaded user IP repository 'c:/vivado_project/calculator'.
INFO: [IP_Flow 19-1700] Loaded user IP repository 'c:/vivado_project/mem'.
INFO: [IP_Flow 19-2313] Loaded Vivado IP repository 'C:/Xilinx/Vivado/2018.3/data/ip'.
Command: synth_design -top design_1_memory_ctrl_0_0 -part xc7z020clg400-1 -mode out_of_context
Starting synth_design
Attempting to get a license for feature 'Synthesis' and/or device 'xc7z020'
INFO: [Common 17-349] Got license for feature 'Synthesis' and/or device 'xc7z020'
INFO: Launching helper process for spawning children vivado processes
INFO: Helper process launched with PID 10736 
---------------------------------------------------------------------------------
Starting RTL Elaboration : Time (s): cpu = 00:00:03 ; elapsed = 00:00:03 . Memory (MB): peak = 394.848 ; gain = 100.133
---------------------------------------------------------------------------------
INFO: [Synth 8-6157] synthesizing module 'design_1_memory_ctrl_0_0' [c:/vivado_project/hw5_6/hw5_6.srcs/sources_1/bd/design_1/ip/design_1_memory_ctrl_0_0/synth/design_1_memory_ctrl_0_0.v:57]
INFO: [Synth 8-6157] synthesizing module 'memory_ctrl_v1_0' [c:/vivado_project/hw5_6/hw5_6.srcs/sources_1/bd/design_1/ipshared/5775/hdl/memory_ctrl_v1_0.v:4]
	Parameter C_S00_AXI_DATA_WIDTH bound to: 32 - type: integer 
	Parameter C_S00_AXI_ADDR_WIDTH bound to: 4 - type: integer 
INFO: [Synth 8-6157] synthesizing module 'memory_ctrl_v1_0_S00_AXI' [c:/vivado_project/hw5_6/hw5_6.srcs/sources_1/bd/design_1/ipshared/5775/hdl/memory_ctrl_v1_0_S00_AXI.v:4]
	Parameter C_S_AXI_DATA_WIDTH bound to: 32 - type: integer 
	Parameter C_S_AXI_ADDR_WIDTH bound to: 4 - type: integer 
	Parameter ADDR_LSB bound to: 2 - type: integer 
	Parameter OPT_MEM_ADDR_BITS bound to: 1 - type: integer 
INFO: [Synth 8-226] default block is never used [c:/vivado_project/hw5_6/hw5_6.srcs/sources_1/bd/design_1/ipshared/5775/hdl/memory_ctrl_v1_0_S00_AXI.v:241]
INFO: [Synth 8-226] default block is never used [c:/vivado_project/hw5_6/hw5_6.srcs/sources_1/bd/design_1/ipshared/5775/hdl/memory_ctrl_v1_0_S00_AXI.v:389]
INFO: [Synth 8-6157] synthesizing module 'memory_ctrl' [c:/vivado_project/hw5_6/hw5_6.srcs/sources_1/bd/design_1/ipshared/5775/src/memory_ctrl.v:1]
INFO: [Synth 8-6155] done synthesizing module 'memory_ctrl' (1#1) [c:/vivado_project/hw5_6/hw5_6.srcs/sources_1/bd/design_1/ipshared/5775/src/memory_ctrl.v:1]
INFO: [Synth 8-6155] done synthesizing module 'memory_ctrl_v1_0_S00_AXI' (2#1) [c:/vivado_project/hw5_6/hw5_6.srcs/sources_1/bd/design_1/ipshared/5775/hdl/memory_ctrl_v1_0_S00_AXI.v:4]
WARNING: [Synth 8-350] instance 'memory_ctrl_v1_0_S00_AXI_inst' of module 'memory_ctrl_v1_0_S00_AXI' requires 32 connections, but only 31 given [c:/vivado_project/hw5_6/hw5_6.srcs/sources_1/bd/design_1/ipshared/5775/hdl/memory_ctrl_v1_0.v:59]
INFO: [Synth 8-6155] done synthesizing module 'memory_ctrl_v1_0' (3#1) [c:/vivado_project/hw5_6/hw5_6.srcs/sources_1/bd/design_1/ipshared/5775/hdl/memory_ctrl_v1_0.v:4]
INFO: [Synth 8-6155] done synthesizing module 'design_1_memory_ctrl_0_0' (4#1) [c:/vivado_project/hw5_6/hw5_6.srcs/sources_1/bd/design_1/ip/design_1_memory_ctrl_0_0/synth/design_1_memory_ctrl_0_0.v:57]
WARNING: [Synth 8-3331] design memory_ctrl_v1_0_S00_AXI has unconnected port write_done
WARNING: [Synth 8-3331] design memory_ctrl_v1_0_S00_AXI has unconnected port S_AXI_AWPROT[2]
WARNING: [Synth 8-3331] design memory_ctrl_v1_0_S00_AXI has unconnected port S_AXI_AWPROT[1]
WARNING: [Synth 8-3331] design memory_ctrl_v1_0_S00_AXI has unconnected port S_AXI_AWPROT[0]
WARNING: [Synth 8-3331] design memory_ctrl_v1_0_S00_AXI has unconnected port S_AXI_ARPROT[2]
WARNING: [Synth 8-3331] design memory_ctrl_v1_0_S00_AXI has unconnected port S_AXI_ARPROT[1]
WARNING: [Synth 8-3331] design memory_ctrl_v1_0_S00_AXI has unconnected port S_AXI_ARPROT[0]
---------------------------------------------------------------------------------
Finished RTL Elaboration : Time (s): cpu = 00:00:04 ; elapsed = 00:00:04 . Memory (MB): peak = 451.309 ; gain = 156.594
---------------------------------------------------------------------------------

Report Check Netlist: 
+------+------------------+-------+---------+-------+------------------+
|      |Item              |Errors |Warnings |Status |Description       |
+------+------------------+-------+---------+-------+------------------+
|1     |multi_driven_nets |      0|        0|Passed |Multi driven nets |
+------+------------------+-------+---------+-------+------------------+
---------------------------------------------------------------------------------
Start Handling Custom Attributes
---------------------------------------------------------------------------------
---------------------------------------------------------------------------------
Finished Handling Custom Attributes : Time (s): cpu = 00:00:04 ; elapsed = 00:00:04 . Memory (MB): peak = 451.309 ; gain = 156.594
---------------------------------------------------------------------------------
---------------------------------------------------------------------------------
Finished RTL Optimization Phase 1 : Time (s): cpu = 00:00:04 ; elapsed = 00:00:04 . Memory (MB): peak = 451.309 ; gain = 156.594
---------------------------------------------------------------------------------
INFO: [Device 21-403] Loading part xc7z020clg400-1
INFO: [Project 1-570] Preparing netlist for logic optimization

Processing XDC Constraints
Initializing timing engine
Parsing XDC File [c:/vivado_project/hw5_6/hw5_6.srcs/sources_1/bd/design_1/ip/design_1_memory_ctrl_0_0/src/memory_ctrl_ooc.xdc] for cell 'inst'
WARNING: [Vivado 12-584] No ports matched 'S_AXI_ACLK'. [c:/vivado_project/hw5_6/hw5_6.srcs/sources_1/bd/design_1/ip/design_1_memory_ctrl_0_0/src/memory_ctrl_ooc.xdc:1]
CRITICAL WARNING: [Vivado 12-4739] create_clock:No valid object(s) found for '-objects [get_ports S_AXI_ACLK]'. [c:/vivado_project/hw5_6/hw5_6.srcs/sources_1/bd/design_1/ip/design_1_memory_ctrl_0_0/src/memory_ctrl_ooc.xdc:1]
Resolution: Check if the specified object(s) exists in the current design. If it does, ensure that the correct design hierarchy was specified for the object. If you are working with clocks, make sure create_clock was used to create the clock object before it is referenced.
Finished Parsing XDC File [c:/vivado_project/hw5_6/hw5_6.srcs/sources_1/bd/design_1/ip/design_1_memory_ctrl_0_0/src/memory_ctrl_ooc.xdc] for cell 'inst'
Parsing XDC File [C:/vivado_project/hw5_6/hw5_6.runs/design_1_memory_ctrl_0_0_synth_1/dont_touch.xdc]
Finished Parsing XDC File [C:/vivado_project/hw5_6/hw5_6.runs/design_1_memory_ctrl_0_0_synth_1/dont_touch.xdc]
Completed Processing XDC Constraints

Netlist sorting complete. Time (s): cpu = 00:00:00 ; elapsed = 00:00:00 . Memory (MB): peak = 787.457 ; gain = 0.000
INFO: [Project 1-111] Unisim Transformation Summary:
No Unisim elements were transformed.

Netlist sorting complete. Time (s): cpu = 00:00:00 ; elapsed = 00:00:00 . Memory (MB): peak = 787.457 ; gain = 0.000
Constraint Validation Runtime : Time (s): cpu = 00:00:00 ; elapsed = 00:00:00.035 . Memory (MB): peak = 787.488 ; gain = 0.031
---------------------------------------------------------------------------------
Finished Constraint Validation : Time (s): cpu = 00:00:12 ; elapsed = 00:00:13 . Memory (MB): peak = 787.488 ; gain = 492.773
---------------------------------------------------------------------------------
---------------------------------------------------------------------------------
Start Loading Part and Timing Information
---------------------------------------------------------------------------------
Loading part: xc7z020clg400-1
---------------------------------------------------------------------------------
Finished Loading Part and Timing Information : Time (s): cpu = 00:00:12 ; elapsed = 00:00:13 . Memory (MB): peak = 787.488 ; gain = 492.773
---------------------------------------------------------------------------------
---------------------------------------------------------------------------------
Start Applying 'set_property' XDC Constraints
---------------------------------------------------------------------------------
Applied set_property DONT_TOUCH = true for inst. (constraint file  C:/vivado_project/hw5_6/hw5_6.runs/design_1_memory_ctrl_0_0_synth_1/dont_touch.xdc, line 9).
---------------------------------------------------------------------------------
Finished applying 'set_property' XDC Constraints : Time (s): cpu = 00:00:12 ; elapsed = 00:00:13 . Memory (MB): peak = 787.488 ; gain = 492.773
---------------------------------------------------------------------------------
INFO: [Synth 8-5544] ROM "cmd" won't be mapped to Block RAM because address size (2) smaller than threshold (5)
---------------------------------------------------------------------------------
Finished RTL Optimization Phase 2 : Time (s): cpu = 00:00:12 ; elapsed = 00:00:13 . Memory (MB): peak = 787.488 ; gain = 492.773
---------------------------------------------------------------------------------

Report RTL Partitions: 
+-+--------------+------------+----------+
| |RTL Partition |Replication |Instances |
+-+--------------+------------+----------+
+-+--------------+------------+----------+
---------------------------------------------------------------------------------
Start RTL Component Statistics 
---------------------------------------------------------------------------------
Detailed RTL Component Info : 
+---Adders : 
	   2 Input      2 Bit       Adders := 1     
+---Registers : 
	               32 Bit    Registers := 5     
	                4 Bit    Registers := 2     
	                2 Bit    Registers := 4     
	                1 Bit    Registers := 6     
+---Muxes : 
	   4 Input     32 Bit        Muxes := 5     
	   2 Input     32 Bit        Muxes := 4     
	   2 Input      3 Bit        Muxes := 1     
	   2 Input      2 Bit        Muxes := 1     
	   4 Input      2 Bit        Muxes := 1     
	   2 Input      1 Bit        Muxes := 5     
---------------------------------------------------------------------------------
Finished RTL Component Statistics 
---------------------------------------------------------------------------------
---------------------------------------------------------------------------------
Start RTL Hierarchical Component Statistics 
---------------------------------------------------------------------------------
Hierarchical RTL Component report 
Module memory_ctrl 
Detailed RTL Component Info : 
+---Adders : 
	   2 Input      2 Bit       Adders := 1     
+---Registers : 
	                2 Bit    Registers := 2     
+---Muxes : 
	   2 Input      3 Bit        Muxes := 1     
	   2 Input      2 Bit        Muxes := 1     
	   4 Input      2 Bit        Muxes := 1     
Module memory_ctrl_v1_0_S00_AXI 
Detailed RTL Component Info : 
+---Registers : 
	               32 Bit    Registers := 5     
	                4 Bit    Registers := 2     
	                2 Bit    Registers := 2     
	                1 Bit    Registers := 6     
+---Muxes : 
	   4 Input     32 Bit        Muxes := 5     
	   2 Input     32 Bit        Muxes := 4     
	   2 Input      1 Bit        Muxes := 5     
---------------------------------------------------------------------------------
Finished RTL Hierarchical Component Statistics
---------------------------------------------------------------------------------
---------------------------------------------------------------------------------
Start Part Resource Summary
---------------------------------------------------------------------------------
Part Resources:
DSPs: 220 (col length:60)
BRAMs: 280 (col length: RAMB18 60 RAMB36 30)
---------------------------------------------------------------------------------
Finished Part Resource Summary
---------------------------------------------------------------------------------
---------------------------------------------------------------------------------
Start Cross Boundary and Area Optimization
---------------------------------------------------------------------------------
Warning: Parallel synthesis criteria is not met 
WARNING: [Synth 8-3331] design memory_ctrl_v1_0 has unconnected port s00_axi_awprot[2]
WARNING: [Synth 8-3331] design memory_ctrl_v1_0 has unconnected port s00_axi_awprot[1]
WARNING: [Synth 8-3331] design memory_ctrl_v1_0 has unconnected port s00_axi_awprot[0]
WARNING: [Synth 8-3331] design memory_ctrl_v1_0 has unconnected port s00_axi_arprot[2]
WARNING: [Synth 8-3331] design memory_ctrl_v1_0 has unconnected port s00_axi_arprot[1]
WARNING: [Synth 8-3331] design memory_ctrl_v1_0 has unconnected port s00_axi_arprot[0]
INFO: [Synth 8-3886] merging instance 'inst/memory_ctrl_v1_0_S00_AXI_inst/axi_rresp_reg[0]' (FDRE) to 'inst/memory_ctrl_v1_0_S00_AXI_inst/axi_rresp_reg[1]'
INFO: [Synth 8-3333] propagating constant 0 across sequential element (inst/\memory_ctrl_v1_0_S00_AXI_inst/axi_rresp_reg[1] )
INFO: [Synth 8-3886] merging instance 'inst/memory_ctrl_v1_0_S00_AXI_inst/axi_bresp_reg[0]' (FDRE) to 'inst/memory_ctrl_v1_0_S00_AXI_inst/axi_bresp_reg[1]'
INFO: [Synth 8-3333] propagating constant 0 across sequential element (inst/\memory_ctrl_v1_0_S00_AXI_inst/axi_bresp_reg[1] )
---------------------------------------------------------------------------------
Finished Cross Boundary and Area Optimization : Time (s): cpu = 00:00:13 ; elapsed = 00:00:14 . Memory (MB): peak = 787.488 ; gain = 492.773
---------------------------------------------------------------------------------

Report RTL Partitions: 
+-+--------------+------------+----------+
| |RTL Partition |Replication |Instances |
+-+--------------+------------+----------+
+-+--------------+------------+----------+
---------------------------------------------------------------------------------
Start Applying XDC Timing Constraints
---------------------------------------------------------------------------------
---------------------------------------------------------------------------------
Finished Applying XDC Timing Constraints : Time (s): cpu = 00:00:22 ; elapsed = 00:00:22 . Memory (MB): peak = 802.434 ; gain = 507.719
---------------------------------------------------------------------------------
---------------------------------------------------------------------------------
Start Timing Optimization
---------------------------------------------------------------------------------
---------------------------------------------------------------------------------
Finished Timing Optimization : Time (s): cpu = 00:00:22 ; elapsed = 00:00:23 . Memory (MB): peak = 802.508 ; gain = 507.793
---------------------------------------------------------------------------------

Report RTL Partitions: 
+-+--------------+------------+----------+
| |RTL Partition |Replication |Instances |
+-+--------------+------------+----------+
+-+--------------+------------+----------+
---------------------------------------------------------------------------------
Start Technology Mapping
---------------------------------------------------------------------------------
---------------------------------------------------------------------------------
Finished Technology Mapping : Time (s): cpu = 00:00:22 ; elapsed = 00:00:23 . Memory (MB): peak = 812.930 ; gain = 518.215
---------------------------------------------------------------------------------

Report RTL Partitions: 
+-+--------------+------------+----------+
| |RTL Partition |Replication |Instances |
+-+--------------+------------+----------+
+-+--------------+------------+----------+
---------------------------------------------------------------------------------
Start IO Insertion
---------------------------------------------------------------------------------
---------------------------------------------------------------------------------
Start Flattening Before IO Insertion
---------------------------------------------------------------------------------
---------------------------------------------------------------------------------
Finished Flattening Before IO Insertion
---------------------------------------------------------------------------------
---------------------------------------------------------------------------------
Start Final Netlist Cleanup
---------------------------------------------------------------------------------
---------------------------------------------------------------------------------
Finished Final Netlist Cleanup
---------------------------------------------------------------------------------
---------------------------------------------------------------------------------
Finished IO Insertion : Time (s): cpu = 00:00:23 ; elapsed = 00:00:24 . Memory (MB): peak = 812.930 ; gain = 518.215
---------------------------------------------------------------------------------

Report Check Netlist: 
+------+------------------+-------+---------+-------+------------------+
|      |Item              |Errors |Warnings |Status |Description       |
+------+------------------+-------+---------+-------+------------------+
|1     |multi_driven_nets |      0|        0|Passed |Multi driven nets |
+------+------------------+-------+---------+-------+------------------+
---------------------------------------------------------------------------------
Start Renaming Generated Instances
---------------------------------------------------------------------------------
---------------------------------------------------------------------------------
Finished Renaming Generated Instances : Time (s): cpu = 00:00:23 ; elapsed = 00:00:24 . Memory (MB): peak = 812.930 ; gain = 518.215
---------------------------------------------------------------------------------

Report RTL Partitions: 
+-+--------------+------------+----------+
| |RTL Partition |Replication |Instances |
+-+--------------+------------+----------+
+-+--------------+------------+----------+
---------------------------------------------------------------------------------
Start Rebuilding User Hierarchy
---------------------------------------------------------------------------------
---------------------------------------------------------------------------------
Finished Rebuilding User Hierarchy : Time (s): cpu = 00:00:23 ; elapsed = 00:00:24 . Memory (MB): peak = 812.930 ; gain = 518.215
---------------------------------------------------------------------------------
---------------------------------------------------------------------------------
Start Renaming Generated Ports
---------------------------------------------------------------------------------
---------------------------------------------------------------------------------
Finished Renaming Generated Ports : Time (s): cpu = 00:00:23 ; elapsed = 00:00:24 . Memory (MB): peak = 812.930 ; gain = 518.215
---------------------------------------------------------------------------------
---------------------------------------------------------------------------------
Start Handling Custom Attributes
---------------------------------------------------------------------------------
---------------------------------------------------------------------------------
Finished Handling Custom Attributes : Time (s): cpu = 00:00:23 ; elapsed = 00:00:24 . Memory (MB): peak = 812.930 ; gain = 518.215
---------------------------------------------------------------------------------
---------------------------------------------------------------------------------
Start Renaming Generated Nets
---------------------------------------------------------------------------------
---------------------------------------------------------------------------------
Finished Renaming Generated Nets : Time (s): cpu = 00:00:23 ; elapsed = 00:00:24 . Memory (MB): peak = 812.930 ; gain = 518.215
---------------------------------------------------------------------------------
---------------------------------------------------------------------------------
Start Writing Synthesis Report
---------------------------------------------------------------------------------

Report BlackBoxes: 
+-+--------------+----------+
| |BlackBox name |Instances |
+-+--------------+----------+
+-+--------------+----------+

Report Cell Usage: 
+------+-----+------+
|      |Cell |Count |
+------+-----+------+
|1     |LUT1 |     3|
|2     |LUT2 |     4|
|3     |LUT3 |     1|
|4     |LUT4 |    13|
|5     |LUT5 |    14|
|6     |LUT6 |    25|
|7     |FDCE |     4|
|8     |FDRE |    84|
|9     |FDSE |     1|
+------+-----+------+

Report Instance Areas: 
+------+----------------------------------+-------------------------+------+
|      |Instance                          |Module                   |Cells |
+------+----------------------------------+-------------------------+------+
|1     |top                               |                         |   149|
|2     |  inst                            |memory_ctrl_v1_0         |   149|
|3     |    memory_ctrl_v1_0_S00_AXI_inst |memory_ctrl_v1_0_S00_AXI |   149|
|4     |      m1                          |memory_ctrl              |    11|
+------+----------------------------------+-------------------------+------+
---------------------------------------------------------------------------------
Finished Writing Synthesis Report : Time (s): cpu = 00:00:23 ; elapsed = 00:00:24 . Memory (MB): peak = 812.930 ; gain = 518.215
---------------------------------------------------------------------------------
Synthesis finished with 0 errors, 0 critical warnings and 6 warnings.
Synthesis Optimization Runtime : Time (s): cpu = 00:00:13 ; elapsed = 00:00:18 . Memory (MB): peak = 812.930 ; gain = 182.035
Synthesis Optimization Complete : Time (s): cpu = 00:00:23 ; elapsed = 00:00:24 . Memory (MB): peak = 812.930 ; gain = 518.215
INFO: [Project 1-571] Translating synthesized netlist
INFO: [Project 1-570] Preparing netlist for logic optimization
INFO: [Opt 31-138] Pushed 0 inverter(s) to 0 load pin(s).
Netlist sorting complete. Time (s): cpu = 00:00:00 ; elapsed = 00:00:00 . Memory (MB): peak = 825.969 ; gain = 0.000
INFO: [Project 1-111] Unisim Transformation Summary:
No Unisim elements were transformed.

INFO: [Common 17-83] Releasing license: Synthesis
29 Infos, 15 Warnings, 1 Critical Warnings and 0 Errors encountered.
synth_design completed successfully
synth_design: Time (s): cpu = 00:00:25 ; elapsed = 00:00:26 . Memory (MB): peak = 825.969 ; gain = 538.047
Netlist sorting complete. Time (s): cpu = 00:00:00 ; elapsed = 00:00:00 . Memory (MB): peak = 825.969 ; gain = 0.000
WARNING: [Constraints 18-5210] No constraints selected for write.
Resolution: This message can indicate that there are no constraints for the design, or it can indicate that the used_in flags are set such that the constraints are ignored. This later case is used when running synth_design to not write synthesis constraints to the resulting checkpoint. Instead, project constraints are read when the synthesized design is opened.
INFO: [Common 17-1381] The checkpoint 'C:/vivado_project/hw5_6/hw5_6.runs/design_1_memory_ctrl_0_0_synth_1/design_1_memory_ctrl_0_0.dcp' has been generated.
INFO: [Coretcl 2-1648] Added synthesis output to IP cache for IP design_1_memory_ctrl_0_0, cache-ID = 31da9c7820684ed1
INFO: [Coretcl 2-1174] Renamed 3 cell refs.
Netlist sorting complete. Time (s): cpu = 00:00:00 ; elapsed = 00:00:00 . Memory (MB): peak = 825.969 ; gain = 0.000
WARNING: [Constraints 18-5210] No constraints selected for write.
Resolution: This message can indicate that there are no constraints for the design, or it can indicate that the used_in flags are set such that the constraints are ignored. This later case is used when running synth_design to not write synthesis constraints to the resulting checkpoint. Instead, project constraints are read when the synthesized design is opened.
INFO: [Common 17-1381] The checkpoint 'C:/vivado_project/hw5_6/hw5_6.runs/design_1_memory_ctrl_0_0_synth_1/design_1_memory_ctrl_0_0.dcp' has been generated.
INFO: [runtcl-4] Executing : report_utilization -file design_1_memory_ctrl_0_0_utilization_synth.rpt -pb design_1_memory_ctrl_0_0_utilization_synth.pb
INFO: [Common 17-206] Exiting Vivado at Sat Nov 30 13:16:12 2019...
