
*** Running vivado
    with args -log calculator.vds -m64 -product Vivado -mode batch -messageDb vivado.pb -notrace -source calculator.tcl


****** Vivado v2018.3 (64-bit)
  **** SW Build 2405991 on Thu Dec  6 23:38:27 MST 2018
  **** IP Build 2404404 on Fri Dec  7 01:43:56 MST 2018
    ** Copyright 1986-2018 Xilinx, Inc. All Rights Reserved.

source calculator.tcl -notrace
Command: synth_design -top calculator -part xc7k70tfbv676-1
Starting synth_design
Attempting to get a license for feature 'Synthesis' and/or device 'xc7k70t'
INFO: [Common 17-349] Got license for feature 'Synthesis' and/or device 'xc7k70t'
INFO: Launching helper process for spawning children vivado processes
INFO: Helper process launched with PID 4756 
---------------------------------------------------------------------------------
Starting RTL Elaboration : Time (s): cpu = 00:00:02 ; elapsed = 00:00:02 . Memory (MB): peak = 363.016 ; gain = 100.938
---------------------------------------------------------------------------------
INFO: [Synth 8-6157] synthesizing module 'calculator' [C:/vivado_project/calculator/calculator.srcs/sources_1/imports/hw5_new/calculator.v:1]
	Parameter s_reset bound to: 3'b000 
	Parameter read_ps bound to: 3'b001 
	Parameter read_instr bound to: 3'b010 
	Parameter calculate bound to: 3'b011 
	Parameter write_pl bound to: 3'b100 
	Parameter read_pl bound to: 3'b101 
	Parameter result_output bound to: 3'b110 
	Parameter done bound to: 3'b111 
	Parameter mul bound to: 3'b000 
	Parameter add bound to: 3'b001 
	Parameter sub bound to: 3'b010 
	Parameter tr bound to: 3'b011 
	Parameter det bound to: 3'b100 
INFO: [Synth 8-155] case statement is not full and has no default [C:/vivado_project/calculator/calculator.srcs/sources_1/imports/hw5_new/calculator.v:202]
INFO: [Synth 8-155] case statement is not full and has no default [C:/vivado_project/calculator/calculator.srcs/sources_1/imports/hw5_new/calculator.v:51]
INFO: [Synth 8-6155] done synthesizing module 'calculator' (1#1) [C:/vivado_project/calculator/calculator.srcs/sources_1/imports/hw5_new/calculator.v:1]
---------------------------------------------------------------------------------
Finished RTL Elaboration : Time (s): cpu = 00:00:03 ; elapsed = 00:00:03 . Memory (MB): peak = 418.852 ; gain = 156.773
---------------------------------------------------------------------------------

Report Check Netlist: 
+------+------------------+-------+---------+-------+------------------+
|      |Item              |Errors |Warnings |Status |Description       |
+------+------------------+-------+---------+-------+------------------+
|1     |multi_driven_nets |      0|        0|Passed |Multi driven nets |
+------+------------------+-------+---------+-------+------------------+
---------------------------------------------------------------------------------
Start Handling Custom Attributes
---------------------------------------------------------------------------------
---------------------------------------------------------------------------------
Finished Handling Custom Attributes : Time (s): cpu = 00:00:03 ; elapsed = 00:00:03 . Memory (MB): peak = 418.852 ; gain = 156.773
---------------------------------------------------------------------------------
---------------------------------------------------------------------------------
Finished RTL Optimization Phase 1 : Time (s): cpu = 00:00:03 ; elapsed = 00:00:03 . Memory (MB): peak = 418.852 ; gain = 156.773
---------------------------------------------------------------------------------
INFO: [Device 21-403] Loading part xc7k70tfbv676-1
INFO: [Project 1-570] Preparing netlist for logic optimization

Processing XDC Constraints
Initializing timing engine
Completed Processing XDC Constraints

Netlist sorting complete. Time (s): cpu = 00:00:00 ; elapsed = 00:00:00 . Memory (MB): peak = 736.832 ; gain = 0.000
INFO: [Project 1-111] Unisim Transformation Summary:
No Unisim elements were transformed.

Netlist sorting complete. Time (s): cpu = 00:00:00 ; elapsed = 00:00:00 . Memory (MB): peak = 736.832 ; gain = 0.000
WARNING: [Constraints 18-5210] No constraints selected for write.
Resolution: This message can indicate that there are no constraints for the design, or it can indicate that the used_in flags are set such that the constraints are ignored. This later case is used when running synth_design to not write synthesis constraints to the resulting checkpoint. Instead, project constraints are read when the synthesized design is opened.
Constraint Validation Runtime : Time (s): cpu = 00:00:00 ; elapsed = 00:00:00.040 . Memory (MB): peak = 739.082 ; gain = 2.250
---------------------------------------------------------------------------------
Finished Constraint Validation : Time (s): cpu = 00:00:11 ; elapsed = 00:00:12 . Memory (MB): peak = 739.082 ; gain = 477.004
---------------------------------------------------------------------------------
---------------------------------------------------------------------------------
Start Loading Part and Timing Information
---------------------------------------------------------------------------------
Loading part: xc7k70tfbv676-1
---------------------------------------------------------------------------------
Finished Loading Part and Timing Information : Time (s): cpu = 00:00:11 ; elapsed = 00:00:12 . Memory (MB): peak = 739.082 ; gain = 477.004
---------------------------------------------------------------------------------
---------------------------------------------------------------------------------
Start Applying 'set_property' XDC Constraints
---------------------------------------------------------------------------------
---------------------------------------------------------------------------------
Finished applying 'set_property' XDC Constraints : Time (s): cpu = 00:00:11 ; elapsed = 00:00:12 . Memory (MB): peak = 739.082 ; gain = 477.004
---------------------------------------------------------------------------------
INFO: [Synth 8-5544] ROM "data" won't be mapped to Block RAM because address size (4) smaller than threshold (5)
INFO: [Synth 8-5545] ROM "nstate0" won't be mapped to RAM because address size (32) is larger than maximum supported(25)
INFO: [Synth 8-5545] ROM "nstate0" won't be mapped to RAM because address size (32) is larger than maximum supported(25)
INFO: [Synth 8-5545] ROM "nstate0" won't be mapped to RAM because address size (32) is larger than maximum supported(25)
INFO: [Synth 8-5546] ROM "nstate0" won't be mapped to RAM because it is too sparse
INFO: [Synth 8-5546] ROM "nstate0" won't be mapped to RAM because it is too sparse
INFO: [Synth 8-5546] ROM "data_to_ps1" won't be mapped to RAM because it is too sparse
INFO: [Synth 8-5544] ROM "data_to_ps10" won't be mapped to Block RAM because address size (4) smaller than threshold (5)
INFO: [Synth 8-5546] ROM "data_to_ps2" won't be mapped to RAM because it is too sparse
INFO: [Synth 8-5546] ROM "data_to_ps3" won't be mapped to RAM because it is too sparse
INFO: [Synth 8-5546] ROM "data_to_ps4" won't be mapped to RAM because it is too sparse
INFO: [Synth 8-5546] ROM "data_to_ps5" won't be mapped to RAM because it is too sparse
INFO: [Synth 8-5544] ROM "instruction" won't be mapped to Block RAM because address size (4) smaller than threshold (5)
INFO: [Synth 8-5544] ROM "ps" won't be mapped to Block RAM because address size (4) smaller than threshold (5)
INFO: [Synth 8-5544] ROM "result_addr" won't be mapped to Block RAM because address size (4) smaller than threshold (5)
WARNING: [Synth 8-327] inferring latch for variable 'nstate_reg' [C:/vivado_project/calculator/calculator.srcs/sources_1/imports/hw5_new/calculator.v:38]
---------------------------------------------------------------------------------
Finished RTL Optimization Phase 2 : Time (s): cpu = 00:00:11 ; elapsed = 00:00:12 . Memory (MB): peak = 739.082 ; gain = 477.004
---------------------------------------------------------------------------------

Report RTL Partitions: 
+-+--------------+------------+----------+
| |RTL Partition |Replication |Instances |
+-+--------------+------------+----------+
+-+--------------+------------+----------+
---------------------------------------------------------------------------------
Start RTL Component Statistics 
---------------------------------------------------------------------------------
Detailed RTL Component Info : 
+---Adders : 
	   2 Input     32 Bit       Adders := 1     
	   2 Input      8 Bit       Adders := 3     
	   2 Input      4 Bit       Adders := 4     
	   3 Input      4 Bit       Adders := 4     
+---Registers : 
	               32 Bit    Registers := 7     
	                8 Bit    Registers := 3     
	                4 Bit    Registers := 21    
	                3 Bit    Registers := 2     
	                1 Bit    Registers := 1     
+---Muxes : 
	   2 Input     32 Bit        Muxes := 2     
	   8 Input     32 Bit        Muxes := 2     
	   2 Input      8 Bit        Muxes := 1     
	   8 Input      8 Bit        Muxes := 1     
	   2 Input      3 Bit        Muxes := 4     
	   8 Input      3 Bit        Muxes := 1     
	   2 Input      2 Bit        Muxes := 1     
	   2 Input      1 Bit        Muxes := 9     
	   8 Input      1 Bit        Muxes := 8     
	  14 Input      1 Bit        Muxes := 1     
	  13 Input      1 Bit        Muxes := 5     
---------------------------------------------------------------------------------
Finished RTL Component Statistics 
---------------------------------------------------------------------------------
---------------------------------------------------------------------------------
Start RTL Hierarchical Component Statistics 
---------------------------------------------------------------------------------
Hierarchical RTL Component report 
Module calculator 
Detailed RTL Component Info : 
+---Adders : 
	   2 Input     32 Bit       Adders := 1     
	   2 Input      8 Bit       Adders := 3     
	   2 Input      4 Bit       Adders := 4     
	   3 Input      4 Bit       Adders := 4     
+---Registers : 
	               32 Bit    Registers := 7     
	                8 Bit    Registers := 3     
	                4 Bit    Registers := 21    
	                3 Bit    Registers := 2     
	                1 Bit    Registers := 1     
+---Muxes : 
	   2 Input     32 Bit        Muxes := 2     
	   8 Input     32 Bit        Muxes := 2     
	   2 Input      8 Bit        Muxes := 1     
	   8 Input      8 Bit        Muxes := 1     
	   2 Input      3 Bit        Muxes := 4     
	   8 Input      3 Bit        Muxes := 1     
	   2 Input      2 Bit        Muxes := 1     
	   2 Input      1 Bit        Muxes := 9     
	   8 Input      1 Bit        Muxes := 8     
	  14 Input      1 Bit        Muxes := 1     
	  13 Input      1 Bit        Muxes := 5     
---------------------------------------------------------------------------------
Finished RTL Hierarchical Component Statistics
---------------------------------------------------------------------------------
---------------------------------------------------------------------------------
Start Part Resource Summary
---------------------------------------------------------------------------------
Part Resources:
DSPs: 240 (col length:80)
BRAMs: 270 (col length: RAMB18 80 RAMB36 40)
---------------------------------------------------------------------------------
Finished Part Resource Summary
---------------------------------------------------------------------------------
---------------------------------------------------------------------------------
Start Cross Boundary and Area Optimization
---------------------------------------------------------------------------------
Warning: Parallel synthesis criteria is not met 
INFO: [Synth 8-4471] merging register 'data_reg[2][3:0]' into 'data_reg[2][3:0]' [C:/vivado_project/calculator/calculator.srcs/sources_1/imports/hw5_new/calculator.v:66]
INFO: [Synth 8-4471] merging register 'data_reg[3][3:0]' into 'data_reg[3][3:0]' [C:/vivado_project/calculator/calculator.srcs/sources_1/imports/hw5_new/calculator.v:66]
INFO: [Synth 8-4471] merging register 'data_reg[4][3:0]' into 'data_reg[4][3:0]' [C:/vivado_project/calculator/calculator.srcs/sources_1/imports/hw5_new/calculator.v:66]
INFO: [Synth 8-4471] merging register 'data_reg[5][3:0]' into 'data_reg[5][3:0]' [C:/vivado_project/calculator/calculator.srcs/sources_1/imports/hw5_new/calculator.v:66]
INFO: [Synth 8-4471] merging register 'data_reg[1][3:0]' into 'data_reg[1][3:0]' [C:/vivado_project/calculator/calculator.srcs/sources_1/imports/hw5_new/calculator.v:66]
INFO: [Synth 8-4471] merging register 'data_reg[2][3:0]' into 'data_reg[2][3:0]' [C:/vivado_project/calculator/calculator.srcs/sources_1/imports/hw5_new/calculator.v:66]
INFO: [Synth 8-4471] merging register 'data_reg[7][3:0]' into 'data_reg[7][3:0]' [C:/vivado_project/calculator/calculator.srcs/sources_1/imports/hw5_new/calculator.v:66]
INFO: [Synth 8-4471] merging register 'data_reg[3][3:0]' into 'data_reg[3][3:0]' [C:/vivado_project/calculator/calculator.srcs/sources_1/imports/hw5_new/calculator.v:66]
INFO: [Synth 8-4471] merging register 'data_reg[3][3:0]' into 'data_reg[3][3:0]' [C:/vivado_project/calculator/calculator.srcs/sources_1/imports/hw5_new/calculator.v:66]
INFO: [Synth 8-4471] merging register 'data_reg[2][3:0]' into 'data_reg[2][3:0]' [C:/vivado_project/calculator/calculator.srcs/sources_1/imports/hw5_new/calculator.v:66]
INFO: [Synth 8-4471] merging register 'data_reg[4][3:0]' into 'data_reg[4][3:0]' [C:/vivado_project/calculator/calculator.srcs/sources_1/imports/hw5_new/calculator.v:66]
INFO: [Synth 8-4471] merging register 'data_reg[5][3:0]' into 'data_reg[5][3:0]' [C:/vivado_project/calculator/calculator.srcs/sources_1/imports/hw5_new/calculator.v:66]
INFO: [Synth 8-4471] merging register 'data_reg[0][3:0]' into 'data_reg[0][3:0]' [C:/vivado_project/calculator/calculator.srcs/sources_1/imports/hw5_new/calculator.v:66]
INFO: [Synth 8-4471] merging register 'data_reg[6][3:0]' into 'data_reg[6][3:0]' [C:/vivado_project/calculator/calculator.srcs/sources_1/imports/hw5_new/calculator.v:66]
INFO: [Synth 8-4471] merging register 'data_reg[0][3:0]' into 'data_reg[0][3:0]' [C:/vivado_project/calculator/calculator.srcs/sources_1/imports/hw5_new/calculator.v:66]
INFO: [Synth 8-4471] merging register 'data_reg[1][3:0]' into 'data_reg[1][3:0]' [C:/vivado_project/calculator/calculator.srcs/sources_1/imports/hw5_new/calculator.v:66]
INFO: [Synth 8-4471] merging register 'data_reg[4][3:0]' into 'data_reg[4][3:0]' [C:/vivado_project/calculator/calculator.srcs/sources_1/imports/hw5_new/calculator.v:66]
INFO: [Synth 8-4471] merging register 'data_reg[6][3:0]' into 'data_reg[6][3:0]' [C:/vivado_project/calculator/calculator.srcs/sources_1/imports/hw5_new/calculator.v:66]
INFO: [Synth 8-4471] merging register 'data_reg[5][3:0]' into 'data_reg[5][3:0]' [C:/vivado_project/calculator/calculator.srcs/sources_1/imports/hw5_new/calculator.v:66]
INFO: [Synth 8-4471] merging register 'data_reg[7][3:0]' into 'data_reg[7][3:0]' [C:/vivado_project/calculator/calculator.srcs/sources_1/imports/hw5_new/calculator.v:66]
INFO: [Synth 8-4471] merging register 'data_reg[0][3:0]' into 'data_reg[0][3:0]' [C:/vivado_project/calculator/calculator.srcs/sources_1/imports/hw5_new/calculator.v:66]
INFO: [Synth 8-4471] merging register 'data_reg[1][3:0]' into 'data_reg[1][3:0]' [C:/vivado_project/calculator/calculator.srcs/sources_1/imports/hw5_new/calculator.v:66]
INFO: [Synth 8-4471] merging register 'data_reg[7][3:0]' into 'data_reg[7][3:0]' [C:/vivado_project/calculator/calculator.srcs/sources_1/imports/hw5_new/calculator.v:66]
INFO: [Synth 8-4471] merging register 'data_reg[6][3:0]' into 'data_reg[6][3:0]' [C:/vivado_project/calculator/calculator.srcs/sources_1/imports/hw5_new/calculator.v:66]
INFO: [Synth 8-5544] ROM "data_to_ps10" won't be mapped to Block RAM because address size (4) smaller than threshold (5)
INFO: [Synth 8-5545] ROM "nstate0" won't be mapped to RAM because address size (32) is larger than maximum supported(25)
INFO: [Synth 8-5545] ROM "nstate0" won't be mapped to RAM because address size (32) is larger than maximum supported(25)
INFO: [Synth 8-5546] ROM "nstate0" won't be mapped to RAM because it is too sparse
INFO: [Synth 8-5545] ROM "nstate0" won't be mapped to RAM because address size (32) is larger than maximum supported(25)
INFO: [Synth 8-5546] ROM "nstate0" won't be mapped to RAM because it is too sparse
INFO: [Synth 8-3333] propagating constant 0 across sequential element (\nstate_reg[3] )
WARNING: [Synth 8-3332] Sequential element (nstate_reg[3]) is unused and will be removed from module calculator.
WARNING: [Synth 8-3332] Sequential element (nstate_reg[2]) is unused and will be removed from module calculator.
WARNING: [Synth 8-3332] Sequential element (nstate_reg[1]) is unused and will be removed from module calculator.
WARNING: [Synth 8-3332] Sequential element (nstate_reg[0]) is unused and will be removed from module calculator.
---------------------------------------------------------------------------------
Finished Cross Boundary and Area Optimization : Time (s): cpu = 00:00:17 ; elapsed = 00:00:18 . Memory (MB): peak = 739.082 ; gain = 477.004
---------------------------------------------------------------------------------

Report RTL Partitions: 
+-+--------------+------------+----------+
| |RTL Partition |Replication |Instances |
+-+--------------+------------+----------+
+-+--------------+------------+----------+
---------------------------------------------------------------------------------
Start Applying XDC Timing Constraints
---------------------------------------------------------------------------------
---------------------------------------------------------------------------------
Finished Applying XDC Timing Constraints : Time (s): cpu = 00:00:24 ; elapsed = 00:00:26 . Memory (MB): peak = 743.277 ; gain = 481.199
---------------------------------------------------------------------------------
---------------------------------------------------------------------------------
Start Timing Optimization
---------------------------------------------------------------------------------
---------------------------------------------------------------------------------
Finished Timing Optimization : Time (s): cpu = 00:00:24 ; elapsed = 00:00:26 . Memory (MB): peak = 743.875 ; gain = 481.797
---------------------------------------------------------------------------------

Report RTL Partitions: 
+-+--------------+------------+----------+
| |RTL Partition |Replication |Instances |
+-+--------------+------------+----------+
+-+--------------+------------+----------+
---------------------------------------------------------------------------------
Start Technology Mapping
---------------------------------------------------------------------------------
---------------------------------------------------------------------------------
Finished Technology Mapping : Time (s): cpu = 00:00:25 ; elapsed = 00:00:26 . Memory (MB): peak = 774.082 ; gain = 512.004
---------------------------------------------------------------------------------

Report RTL Partitions: 
+-+--------------+------------+----------+
| |RTL Partition |Replication |Instances |
+-+--------------+------------+----------+
+-+--------------+------------+----------+
---------------------------------------------------------------------------------
Start IO Insertion
---------------------------------------------------------------------------------
---------------------------------------------------------------------------------
Start Flattening Before IO Insertion
---------------------------------------------------------------------------------
---------------------------------------------------------------------------------
Finished Flattening Before IO Insertion
---------------------------------------------------------------------------------
---------------------------------------------------------------------------------
Start Final Netlist Cleanup
---------------------------------------------------------------------------------
---------------------------------------------------------------------------------
Finished Final Netlist Cleanup
---------------------------------------------------------------------------------
---------------------------------------------------------------------------------
Finished IO Insertion : Time (s): cpu = 00:00:26 ; elapsed = 00:00:27 . Memory (MB): peak = 774.082 ; gain = 512.004
---------------------------------------------------------------------------------

Report Check Netlist: 
+------+------------------+-------+---------+-------+------------------+
|      |Item              |Errors |Warnings |Status |Description       |
+------+------------------+-------+---------+-------+------------------+
|1     |multi_driven_nets |      0|        0|Passed |Multi driven nets |
+------+------------------+-------+---------+-------+------------------+
---------------------------------------------------------------------------------
Start Renaming Generated Instances
---------------------------------------------------------------------------------
---------------------------------------------------------------------------------
Finished Renaming Generated Instances : Time (s): cpu = 00:00:26 ; elapsed = 00:00:27 . Memory (MB): peak = 774.082 ; gain = 512.004
---------------------------------------------------------------------------------

Report RTL Partitions: 
+-+--------------+------------+----------+
| |RTL Partition |Replication |Instances |
+-+--------------+------------+----------+
+-+--------------+------------+----------+
---------------------------------------------------------------------------------
Start Rebuilding User Hierarchy
---------------------------------------------------------------------------------
---------------------------------------------------------------------------------
Finished Rebuilding User Hierarchy : Time (s): cpu = 00:00:26 ; elapsed = 00:00:27 . Memory (MB): peak = 774.082 ; gain = 512.004
---------------------------------------------------------------------------------
---------------------------------------------------------------------------------
Start Renaming Generated Ports
---------------------------------------------------------------------------------
---------------------------------------------------------------------------------
Finished Renaming Generated Ports : Time (s): cpu = 00:00:26 ; elapsed = 00:00:27 . Memory (MB): peak = 774.082 ; gain = 512.004
---------------------------------------------------------------------------------
---------------------------------------------------------------------------------
Start Handling Custom Attributes
---------------------------------------------------------------------------------
---------------------------------------------------------------------------------
Finished Handling Custom Attributes : Time (s): cpu = 00:00:26 ; elapsed = 00:00:27 . Memory (MB): peak = 774.082 ; gain = 512.004
---------------------------------------------------------------------------------
---------------------------------------------------------------------------------
Start Renaming Generated Nets
---------------------------------------------------------------------------------
---------------------------------------------------------------------------------
Finished Renaming Generated Nets : Time (s): cpu = 00:00:26 ; elapsed = 00:00:27 . Memory (MB): peak = 774.082 ; gain = 512.004
---------------------------------------------------------------------------------
---------------------------------------------------------------------------------
Start Writing Synthesis Report
---------------------------------------------------------------------------------

Report BlackBoxes: 
+-+--------------+----------+
| |BlackBox name |Instances |
+-+--------------+----------+
+-+--------------+----------+

Report Cell Usage: 
+------+-------+------+
|      |Cell   |Count |
+------+-------+------+
|1     |BUFG   |     1|
|2     |CARRY4 |    44|
|3     |LUT1   |    15|
|4     |LUT2   |    58|
|5     |LUT3   |    46|
|6     |LUT4   |    65|
|7     |LUT5   |    53|
|8     |LUT6   |   180|
|9     |FDRE   |   287|
|10    |FDSE   |     3|
|11    |IBUF   |    35|
|12    |OBUF   |   204|
+------+-------+------+

Report Instance Areas: 
+------+---------+-------+------+
|      |Instance |Module |Cells |
+------+---------+-------+------+
|1     |top      |       |   991|
+------+---------+-------+------+
---------------------------------------------------------------------------------
Finished Writing Synthesis Report : Time (s): cpu = 00:00:26 ; elapsed = 00:00:28 . Memory (MB): peak = 774.082 ; gain = 512.004
---------------------------------------------------------------------------------
Synthesis finished with 0 errors, 0 critical warnings and 5 warnings.
Synthesis Optimization Runtime : Time (s): cpu = 00:00:18 ; elapsed = 00:00:22 . Memory (MB): peak = 774.082 ; gain = 191.773
Synthesis Optimization Complete : Time (s): cpu = 00:00:26 ; elapsed = 00:00:28 . Memory (MB): peak = 774.082 ; gain = 512.004
INFO: [Project 1-571] Translating synthesized netlist
INFO: [Netlist 29-17] Analyzing 44 Unisim elements for replacement
INFO: [Netlist 29-28] Unisim Transformation completed in 0 CPU seconds
INFO: [Project 1-570] Preparing netlist for logic optimization
INFO: [Opt 31-138] Pushed 0 inverter(s) to 0 load pin(s).
Netlist sorting complete. Time (s): cpu = 00:00:00 ; elapsed = 00:00:00 . Memory (MB): peak = 774.082 ; gain = 0.000
INFO: [Project 1-111] Unisim Transformation Summary:
No Unisim elements were transformed.

INFO: [Common 17-83] Releasing license: Synthesis
61 Infos, 6 Warnings, 0 Critical Warnings and 0 Errors encountered.
synth_design completed successfully
synth_design: Time (s): cpu = 00:00:28 ; elapsed = 00:00:30 . Memory (MB): peak = 774.082 ; gain = 522.918
Netlist sorting complete. Time (s): cpu = 00:00:00 ; elapsed = 00:00:00 . Memory (MB): peak = 774.082 ; gain = 0.000
WARNING: [Constraints 18-5210] No constraints selected for write.
Resolution: This message can indicate that there are no constraints for the design, or it can indicate that the used_in flags are set such that the constraints are ignored. This later case is used when running synth_design to not write synthesis constraints to the resulting checkpoint. Instead, project constraints are read when the synthesized design is opened.
INFO: [Common 17-1381] The checkpoint 'C:/vivado_project/calculator/calculator.runs/synth_1/calculator.dcp' has been generated.
INFO: [runtcl-4] Executing : report_utilization -file calculator_utilization_synth.rpt -pb calculator_utilization_synth.pb
INFO: [Common 17-206] Exiting Vivado at Wed Nov 27 23:05:28 2019...
