#-----------------------------------------------------------
# Webtalk v2018.3 (64-bit)
# SW Build 2405991 on Thu Dec  6 23:38:27 MST 2018
# 
# Start of session at: Sun Dec  8 21:13:01 2019
# Process ID: 9764
# Current directory: C:/vivado_project/hw06/hw06.sdk/webtalk
# Command line: wbtcv.exe -mode batch -source sdk_webtalk.tcl
# Log file: C:/vivado_project/hw06/hw06.sdk/webtalk/webtalk.log
# Journal file: C:/vivado_project/hw06/hw06.sdk/webtalk\webtalk.jou
#-----------------------------------------------------------
source sdk_webtalk.tcl
# webtalk_init -webtalk_dir C:\\vivado_project\\hw06\\hw06.sdk\\webtalk
# webtalk_register_client -client project
# webtalk_add_data -client project -key date_generated -value "2019-12-08 21:13:00" -context "software_version_and_target_device"
# webtalk_add_data -client project -key product_version -value "SDK v2018.3" -context "software_version_and_target_device"
# webtalk_add_data -client project -key build_version -value "2018.3" -context "software_version_and_target_device"
# webtalk_add_data -client project -key os_platform -value "amd64" -context "software_version_and_target_device"
# webtalk_add_data -client project -key registration_id -value "" -context "software_version_and_target_device"
# webtalk_add_data -client project -key tool_flow -value "SDK" -context "software_version_and_target_device"
# webtalk_add_data -client project -key beta -value "false" -context "software_version_and_target_device"
# webtalk_add_data -client project -key route_design -value "NA" -context "software_version_and_target_device"
# webtalk_add_data -client project -key target_family -value "NA" -context "software_version_and_target_device"
# webtalk_add_data -client project -key target_device -value "NA" -context "software_version_and_target_device"
# webtalk_add_data -client project -key target_package -value "NA" -context "software_version_and_target_device"
# webtalk_add_data -client project -key target_speed -value "NA" -context "software_version_and_target_device"
# webtalk_add_data -client project -key random_id -value "fju2lbj37v6lssj4q8njo08psf" -context "software_version_and_target_device"
# webtalk_add_data -client project -key project_id -value "2018.3_27" -context "software_version_and_target_device"
# webtalk_add_data -client project -key project_iteration -value "27" -context "software_version_and_target_device"
# webtalk_add_data -client project -key os_name -value "Microsoft Windows 8 or later , 64-bit" -context "user_environment"
# webtalk_add_data -client project -key os_release -value "major release  (build 9200)" -context "user_environment"
# webtalk_add_data -client project -key cpu_name -value "Intel(R) Core(TM) i5-7300HQ CPU @ 2.50GHz" -context "user_environment"
# webtalk_add_data -client project -key cpu_speed -value "2496 MHz" -context "user_environment"
# webtalk_add_data -client project -key total_processors -value "1" -context "user_environment"
# webtalk_add_data -client project -key system_ram -value "8.468 GB" -context "user_environment"
# webtalk_register_client -client sdk
# webtalk_add_data -client sdk -key uid -value "1575810119729" -context "sdk\\\\bsp/1575810119729"
# webtalk_add_data -client sdk -key hwid -value "1575711343808" -context "sdk\\\\bsp/1575810119729"
# webtalk_add_data -client sdk -key os -value "standalone" -context "sdk\\\\bsp/1575810119729"
# webtalk_add_data -client sdk -key apptemplate -value "empty_application" -context "sdk\\\\bsp/1575810119729"
# webtalk_add_data -client sdk -key RecordType -value "BSPCreation" -context "sdk\\\\bsp/1575810119729"
# webtalk_add_data -client sdk -key uid -value "1575810121562" -context "sdk\\\\application/1575810121562"
# webtalk_add_data -client sdk -key hwid -value "1575711343808" -context "sdk\\\\application/1575810121562"
# webtalk_add_data -client sdk -key bspid -value "1575810119729" -context "sdk\\\\application/1575810121562"
# webtalk_add_data -client sdk -key newbsp -value "true" -context "sdk\\\\application/1575810121562"
# webtalk_add_data -client sdk -key os -value "standalone" -context "sdk\\\\application/1575810121562"
# webtalk_add_data -client sdk -key apptemplate -value "empty_application" -context "sdk\\\\application/1575810121562"
# webtalk_add_data -client sdk -key RecordType -value "APPCreation" -context "sdk\\\\application/1575810121562"
# webtalk_add_data -client sdk -key LangUsed -value "C" -context "sdk\\\\application/1575810121562"
# webtalk_add_data -client sdk -key Procused -value "ps7_cortexa9" -context "sdk\\\\application/1575810121562"
# webtalk_add_data -client sdk -key projSize -value "332.90234375" -context "sdk\\\\application/1575810121562"
# webtalk_add_data -client sdk -key uid -value "NA" -context "sdk\\\\bsp/1575810780405"
# webtalk_add_data -client sdk -key RecordType -value "ToolUsage" -context "sdk\\\\bsp/1575810780405"
# webtalk_add_data -client sdk -key BootgenCount -value "0" -context "sdk\\\\bsp/1575810780405"
# webtalk_add_data -client sdk -key DebugCount -value "0" -context "sdk\\\\bsp/1575810780405"
# webtalk_add_data -client sdk -key PerfCount -value "0" -context "sdk\\\\bsp/1575810780405"
# webtalk_add_data -client sdk -key FlashCount -value "0" -context "sdk\\\\bsp/1575810780405"
# webtalk_add_data -client sdk -key CrossTriggCount -value "0" -context "sdk\\\\bsp/1575810780405"
# webtalk_add_data -client sdk -key QemuDebugCount -value "0" -context "sdk\\\\bsp/1575810780405"
# webtalk_transmit -clientid 4159662373 -regid "" -xml C:\\vivado_project\\hw06\\hw06.sdk\\webtalk\\usage_statistics_ext_sdk.xml -html C:\\vivado_project\\hw06\\hw06.sdk\\webtalk\\usage_statistics_ext_sdk.html -wdm C:\\vivado_project\\hw06\\hw06.sdk\\webtalk\\sdk_webtalk.wdm -intro "<H3>SDK Usage Report</H3><BR>"
INFO: [Common 17-186] 'C:\vivado_project\hw06\hw06.sdk\webtalk\usage_statistics_ext_sdk.xml' has been successfully sent to Xilinx on Sun Dec  8 21:13:10 2019. For additional details about this file, please refer to the WebTalk help file at C:/Xilinx/SDK/2018.3/doc/webtalk_introduction.html.
# webtalk_terminate
INFO: [Common 17-206] Exiting Webtalk at Sun Dec  8 21:13:10 2019...
